<?xml version="1.0" encoding="UTF-8"?>
<coverage generated="1770455599651" clover="3.2.0">
  <project timestamp="1770455599651" name="All files">
    <metrics statements="69" coveredstatements="64" conditionals="13" coveredconditionals="9" methods="24" coveredmethods="20" elements="106" coveredelements="93" complexity="0" loc="69" ncloc="69" packages="9" files="11" classes="11"/>
    <package name="src">
      <metrics statements="3" coveredstatements="3" conditionals="0" coveredconditionals="0" methods="1" coveredmethods="1"/>
      <file name="GiftApp.tsx" path="C:\Users\edwin\OneDrive\Escritorio\React\03-gift-aps\src\GiftApp.tsx">
        <metrics statements="3" coveredstatements="3" conditionals="0" coveredconditionals="0" methods="1" coveredmethods="1"/>
        <line num="7" count="1" type="stmt"/>
        <line num="8" count="1" type="stmt"/>
        <line num="10" count="1" type="stmt"/>
      </file>
    </package>
    <package name="src.counter.components">
      <metrics statements="3" coveredstatements="3" conditionals="0" coveredconditionals="0" methods="1" coveredmethods="1"/>
      <file name="MyCounterApp.tsx" path="C:\Users\edwin\OneDrive\Escritorio\React\03-gift-aps\src\counter\components\MyCounterApp.tsx">
        <metrics statements="3" coveredstatements="3" conditionals="0" coveredconditionals="0" methods="1" coveredmethods="1"/>
        <line num="4" count="2" type="stmt"/>
        <line num="5" count="5" type="stmt"/>
        <line num="6" count="5" type="stmt"/>
      </file>
    </package>
    <package name="src.counter.hooks">
      <metrics statements="9" coveredstatements="9" conditionals="1" coveredconditionals="1" methods="4" coveredmethods="4"/>
      <file name="useCounter.tsx" path="C:\Users\edwin\OneDrive\Escritorio\React\03-gift-aps\src\counter\hooks\useCounter.tsx">
        <metrics statements="9" coveredstatements="9" conditionals="1" coveredconditionals="1" methods="4" coveredmethods="4"/>
        <line num="3" count="2" type="cond" truecount="1" falsecount="0"/>
        <line num="4" count="10" type="stmt"/>
        <line num="6" count="10" type="stmt"/>
        <line num="7" count="2" type="stmt"/>
        <line num="10" count="10" type="stmt"/>
        <line num="11" count="1" type="stmt"/>
        <line num="14" count="10" type="stmt"/>
        <line num="15" count="1" type="stmt"/>
        <line num="18" count="10" type="stmt"/>
      </file>
    </package>
    <package name="src.gifs.actions">
      <metrics statements="8" coveredstatements="8" conditionals="2" coveredconditionals="2" methods="2" coveredmethods="2"/>
      <file name="get-gifs-by-query.actions.ts" path="C:\Users\edwin\OneDrive\Escritorio\React\03-gift-aps\src\gifs\actions\get-gifs-by-query.actions.ts">
        <metrics statements="8" coveredstatements="8" conditionals="2" coveredconditionals="2" methods="2" coveredmethods="2"/>
        <line num="5" count="3" type="stmt"/>
        <line num="6" count="6" type="cond" truecount="2" falsecount="0"/>
        <line num="7" count="1" type="stmt"/>
        <line num="10" count="5" type="stmt"/>
        <line num="11" count="5" type="stmt"/>
        <line num="18" count="40" type="stmt"/>
        <line num="26" count="1" type="stmt"/>
        <line num="27" count="1" type="stmt"/>
      </file>
    </package>
    <package name="src.gifs.api">
      <metrics statements="1" coveredstatements="1" conditionals="0" coveredconditionals="0" methods="0" coveredmethods="0"/>
      <file name="giphy.api.ts" path="C:\Users\edwin\OneDrive\Escritorio\React\03-gift-aps\src\gifs\api\giphy.api.ts">
        <metrics statements="1" coveredstatements="1" conditionals="0" coveredconditionals="0" methods="0" coveredmethods="0"/>
        <line num="3" count="4" type="stmt"/>
      </file>
    </package>
    <package name="src.gifs.components">
      <metrics statements="7" coveredstatements="4" conditionals="0" coveredconditionals="0" methods="5" coveredmethods="2"/>
      <file name="BusquedaPrevia.tsx" path="C:\Users\edwin\OneDrive\Escritorio\React\03-gift-aps\src\gifs\components\BusquedaPrevia.tsx">
        <metrics statements="4" coveredstatements="2" conditionals="0" coveredconditionals="0" methods="3" coveredmethods="1"/>
        <line num="10" count="1" type="stmt"/>
        <line num="11" count="1" type="stmt"/>
        <line num="15" count="0" type="stmt"/>
        <line num="16" count="0" type="stmt"/>
      </file>
      <file name="Gift.tsx" path="C:\Users\edwin\OneDrive\Escritorio\React\03-gift-aps\src\gifs\components\Gift.tsx">
        <metrics statements="3" coveredstatements="2" conditionals="0" coveredconditionals="0" methods="2" coveredmethods="1"/>
        <line num="9" count="1" type="stmt"/>
        <line num="10" count="1" type="stmt"/>
        <line num="12" count="0" type="stmt"/>
      </file>
    </package>
    <package name="src.gifs.hooks">
      <metrics statements="20" coveredstatements="20" conditionals="6" coveredconditionals="4" methods="3" coveredmethods="3"/>
      <file name="useGifts.tsx" path="C:\Users\edwin\OneDrive\Escritorio\React\03-gift-aps\src\gifs\hooks\useGifts.tsx">
        <metrics statements="20" coveredstatements="20" conditionals="6" coveredconditionals="4" methods="3" coveredmethods="3"/>
        <line num="5" count="2" type="stmt"/>
        <line num="6" count="19" type="stmt"/>
        <line num="7" count="19" type="stmt"/>
        <line num="9" count="19" type="stmt"/>
        <line num="11" count="19" type="stmt"/>
        <line num="13" count="3" type="cond" truecount="2" falsecount="0"/>
        <line num="14" count="1" type="stmt"/>
        <line num="15" count="1" type="stmt"/>
        <line num="18" count="2" type="stmt"/>
        <line num="19" count="2" type="stmt"/>
        <line num="20" count="2" type="stmt"/>
        <line num="23" count="19" type="stmt"/>
        <line num="25" count="10" type="stmt"/>
        <line num="28" count="10" type="cond" truecount="1" falsecount="1"/>
        <line num="31" count="10" type="cond" truecount="1" falsecount="1"/>
        <line num="34" count="10" type="stmt"/>
        <line num="36" count="10" type="stmt"/>
        <line num="37" count="10" type="stmt"/>
        <line num="39" count="10" type="stmt"/>
        <line num="42" count="19" type="stmt"/>
      </file>
    </package>
    <package name="src.shared.components">
      <metrics statements="17" coveredstatements="15" conditionals="4" coveredconditionals="2" methods="8" coveredmethods="7"/>
      <file name="Buscador.tsx" path="C:\Users\edwin\OneDrive\Escritorio\React\03-gift-aps\src\shared\components\Buscador.tsx">
        <metrics statements="15" coveredstatements="13" conditionals="2" coveredconditionals="0" methods="7" coveredmethods="6"/>
        <line num="12" count="2" type="stmt"/>
        <line num="13" count="13" type="stmt"/>
        <line num="16" count="13" type="stmt"/>
        <line num="17" count="13" type="stmt"/>
        <line num="18" count="2" type="stmt"/>
        <line num="21" count="13" type="stmt"/>
        <line num="22" count="13" type="stmt"/>
        <line num="26" count="13" type="stmt"/>
        <line num="27" count="1" type="stmt"/>
        <line num="28" count="1" type="stmt"/>
        <line num="31" count="13" type="stmt"/>
        <line num="32" count="0" type="cond" truecount="0" falsecount="2"/>
        <line num="33" count="0" type="stmt"/>
        <line num="36" count="13" type="stmt"/>
        <line num="42" count="6" type="stmt"/>
      </file>
      <file name="CustomHeader.tsx" path="C:\Users\edwin\OneDrive\Escritorio\React\03-gift-aps\src\shared\components\CustomHeader.tsx">
        <metrics statements="2" coveredstatements="2" conditionals="2" coveredconditionals="2" methods="1" coveredmethods="1"/>
        <line num="8" count="2" type="stmt"/>
        <line num="9" count="4" type="stmt"/>
      </file>
    </package>
    <package name="test.mocks">
      <metrics statements="1" coveredstatements="1" conditionals="0" coveredconditionals="0" methods="0" coveredmethods="0"/>
      <file name="giphy.response.data.ts" path="C:\Users\edwin\OneDrive\Escritorio\React\03-gift-aps\test\mocks\giphy.response.data.ts">
        <metrics statements="1" coveredstatements="1" conditionals="0" coveredconditionals="0" methods="0" coveredmethods="0"/>
        <line num="1" count="1" type="stmt"/>
      </file>
    </package>
  </project>
</coverage>
