{"C:\\Users\\edwin\\OneDrive\\Escritorio\\React\\03-gift-aps\\src\\GiftApp.tsx": {"path":"C:\\Users\\edwin\\OneDrive\\Escritorio\\React\\03-gift-aps\\src\\GiftApp.tsx","statementMap":{"0":{"start":{"line":7,"column":23},"end":{"line":38,"column":null}},"1":{"start":{"line":8,"column":61},"end":{"line":8,"column":null}},"2":{"start":{"line":10,"column":4},"end":{"line":34,"column":null}}},"fnMap":{"0":{"name":"(anonymous_0)","decl":{"start":{"line":7,"column":23},"end":{"line":7,"column":null}},"loc":{"start":{"line":7,"column":23},"end":{"line":38,"column":null}},"line":7}},"branchMap":{},"s":{"0":1,"1":1,"2":1},"f":{"0":1},"b":{},"meta":{"lastBranch":0,"lastFunction":1,"lastStatement":3,"seen":{"s:7:23:38:Infinity":0,"f:7:23:7:Infinity":0,"s:8:61:8:Infinity":1,"s:10:4:34:Infinity":2}}}
,"C:\\Users\\edwin\\OneDrive\\Escritorio\\React\\03-gift-aps\\src\\counter\\components\\MyCounterApp.tsx": {"path":"C:\\Users\\edwin\\OneDrive\\Escritorio\\React\\03-gift-aps\\src\\counter\\components\\MyCounterApp.tsx","statementMap":{"0":{"start":{"line":4,"column":28},"end":{"line":20,"column":null}},"1":{"start":{"line":5,"column":55},"end":{"line":5,"column":null}},"2":{"start":{"line":6,"column":4},"end":{"line":15,"column":null}}},"fnMap":{"0":{"name":"(anonymous_0)","decl":{"start":{"line":4,"column":28},"end":{"line":4,"column":null}},"loc":{"start":{"line":4,"column":28},"end":{"line":20,"column":null}},"line":4}},"branchMap":{},"s":{"0":2,"1":5,"2":5},"f":{"0":5},"b":{},"meta":{"lastBranch":0,"lastFunction":1,"lastStatement":3,"seen":{"s:4:28:20:Infinity":0,"f:4:28:4:Infinity":0,"s:5:55:5:Infinity":1,"s:6:4:15:Infinity":2}}}
,"C:\\Users\\edwin\\OneDrive\\Escritorio\\React\\03-gift-aps\\src\\counter\\hooks\\useCounter.tsx": {"path":"C:\\Users\\edwin\\OneDrive\\Escritorio\\React\\03-gift-aps\\src\\counter\\hooks\\useCounter.tsx","statementMap":{"0":{"start":{"line":3,"column":26},"end":{"line":27,"column":null}},"1":{"start":{"line":4,"column":31},"end":{"line":4,"column":null}},"2":{"start":{"line":6,"column":22},"end":{"line":8,"column":null}},"3":{"start":{"line":7,"column":8},"end":{"line":7,"column":null}},"4":{"start":{"line":10,"column":23},"end":{"line":12,"column":null}},"5":{"start":{"line":11,"column":8},"end":{"line":11,"column":null}},"6":{"start":{"line":14,"column":22},"end":{"line":16,"column":null}},"7":{"start":{"line":15,"column":8},"end":{"line":15,"column":null}},"8":{"start":{"line":18,"column":4},"end":{"line":26,"column":null}}},"fnMap":{"0":{"name":"(anonymous_0)","decl":{"start":{"line":3,"column":26},"end":{"line":3,"column":27}},"loc":{"start":{"line":3,"column":52},"end":{"line":27,"column":null}},"line":3},"1":{"name":"(anonymous_1)","decl":{"start":{"line":6,"column":22},"end":{"line":6,"column":null}},"loc":{"start":{"line":6,"column":22},"end":{"line":8,"column":null}},"line":6},"2":{"name":"(anonymous_2)","decl":{"start":{"line":10,"column":23},"end":{"line":10,"column":null}},"loc":{"start":{"line":10,"column":23},"end":{"line":12,"column":null}},"line":10},"3":{"name":"(anonymous_3)","decl":{"start":{"line":14,"column":22},"end":{"line":14,"column":null}},"loc":{"start":{"line":14,"column":22},"end":{"line":16,"column":null}},"line":14}},"branchMap":{"0":{"loc":{"start":{"line":3,"column":27},"end":{"line":3,"column":52}},"type":"default-arg","locations":[{"start":{"line":3,"column":50},"end":{"line":3,"column":52}}],"line":3}},"s":{"0":2,"1":10,"2":10,"3":2,"4":10,"5":1,"6":10,"7":1,"8":10},"f":{"0":10,"1":2,"2":1,"3":1},"b":{"0":[10]},"meta":{"lastBranch":1,"lastFunction":4,"lastStatement":9,"seen":{"s:3:26:27:Infinity":0,"f:3:26:3:27":0,"b:3:50:3:52":0,"s:4:31:4:Infinity":1,"s:6:22:8:Infinity":2,"f:6:22:6:Infinity":1,"s:7:8:7:Infinity":3,"s:10:23:12:Infinity":4,"f:10:23:10:Infinity":2,"s:11:8:11:Infinity":5,"s:14:22:16:Infinity":6,"f:14:22:14:Infinity":3,"s:15:8:15:Infinity":7,"s:18:4:26:Infinity":8}}}
,"C:\\Users\\edwin\\OneDrive\\Escritorio\\React\\03-gift-aps\\src\\gifs\\actions\\get-gifs-by-query.actions.ts": {"path":"C:\\Users\\edwin\\OneDrive\\Escritorio\\React\\03-gift-aps\\src\\gifs\\actions\\get-gifs-by-query.actions.ts","statementMap":{"0":{"start":{"line":5,"column":30},"end":{"line":31,"column":null}},"1":{"start":{"line":6,"column":4},"end":{"line":8,"column":null}},"2":{"start":{"line":7,"column":8},"end":{"line":7,"column":null}},"3":{"start":{"line":10,"column":4},"end":{"line":28,"column":null}},"4":{"start":{"line":11,"column":25},"end":{"line":16,"column":null}},"5":{"start":{"line":18,"column":8},"end":{"line":24,"column":null}},"6":{"start":{"line":18,"column":48},"end":{"line":24,"column":null}},"7":{"start":{"line":26,"column":8},"end":{"line":26,"column":null}},"8":{"start":{"line":27,"column":8},"end":{"line":27,"column":null}}},"fnMap":{"0":{"name":"(anonymous_0)","decl":{"start":{"line":5,"column":30},"end":{"line":5,"column":37}},"loc":{"start":{"line":5,"column":37},"end":{"line":31,"column":null}},"line":5},"1":{"name":"(anonymous_1)","decl":{"start":{"line":18,"column":38},"end":{"line":18,"column":39}},"loc":{"start":{"line":18,"column":48},"end":{"line":24,"column":null}},"line":18}},"branchMap":{"0":{"loc":{"start":{"line":6,"column":4},"end":{"line":8,"column":null}},"type":"if","locations":[{"start":{"line":6,"column":4},"end":{"line":8,"column":null}},{"start":{},"end":{}}],"line":6}},"s":{"0":3,"1":6,"2":1,"3":5,"4":5,"5":4,"6":40,"7":1,"8":1},"f":{"0":6,"1":40},"b":{"0":[1,5]},"meta":{"lastBranch":1,"lastFunction":2,"lastStatement":9,"seen":{"s:5:30:31:Infinity":0,"f:5:30:5:37":0,"b:6:4:8:Infinity:undefined:undefined:undefined:undefined":0,"s:6:4:8:Infinity":1,"s:7:8:7:Infinity":2,"s:10:4:28:Infinity":3,"s:11:25:16:Infinity":4,"s:18:8:24:Infinity":5,"f:18:38:18:39":1,"s:18:48:24:Infinity":6,"s:26:8:26:Infinity":7,"s:27:8:27:Infinity":8}}}
,"C:\\Users\\edwin\\OneDrive\\Escritorio\\React\\03-gift-aps\\src\\gifs\\api\\giphy.api.ts": {"path":"C:\\Users\\edwin\\OneDrive\\Escritorio\\React\\03-gift-aps\\src\\gifs\\api\\giphy.api.ts","statementMap":{"0":{"start":{"line":3,"column":24},"end":{"line":10,"column":null}}},"fnMap":{},"branchMap":{},"s":{"0":4},"f":{},"b":{},"meta":{"lastBranch":0,"lastFunction":0,"lastStatement":1,"seen":{"s:3:24:10:Infinity":0}}}
,"C:\\Users\\edwin\\OneDrive\\Escritorio\\React\\03-gift-aps\\src\\gifs\\components\\BusquedaPrevia.tsx": {"path":"C:\\Users\\edwin\\OneDrive\\Escritorio\\React\\03-gift-aps\\src\\gifs\\components\\BusquedaPrevia.tsx","statementMap":{"0":{"start":{"line":10,"column":30},"end":{"line":23,"column":null}},"1":{"start":{"line":11,"column":4},"end":{"line":16,"column":35}},"2":{"start":{"line":15,"column":32},"end":{"line":16,"column":35}},"3":{"start":{"line":16,"column":50},"end":{"line":16,"column":null}}},"fnMap":{"0":{"name":"(anonymous_0)","decl":{"start":{"line":10,"column":30},"end":{"line":10,"column":31}},"loc":{"start":{"line":10,"column":75},"end":{"line":23,"column":null}},"line":10},"1":{"name":"(anonymous_1)","decl":{"start":{"line":15,"column":31},"end":{"line":15,"column":32}},"loc":{"start":{"line":15,"column":32},"end":{"line":16,"column":35}},"line":15},"2":{"name":"(anonymous_2)","decl":{"start":{"line":16,"column":44},"end":{"line":16,"column":50}},"loc":{"start":{"line":16,"column":50},"end":{"line":16,"column":null}},"line":16}},"branchMap":{},"s":{"0":1,"1":1,"2":0,"3":0},"f":{"0":1,"1":0,"2":0},"b":{},"meta":{"lastBranch":0,"lastFunction":3,"lastStatement":4,"seen":{"s:10:30:23:Infinity":0,"f:10:30:10:31":0,"s:11:4:16:35":1,"f:15:31:15:32":1,"s:15:32:16:35":2,"f:16:44:16:50":2,"s:16:50:16:Infinity":3}}}
,"C:\\Users\\edwin\\OneDrive\\Escritorio\\React\\03-gift-aps\\src\\gifs\\components\\Gift.tsx": {"path":"C:\\Users\\edwin\\OneDrive\\Escritorio\\React\\03-gift-aps\\src\\gifs\\components\\Gift.tsx","statementMap":{"0":{"start":{"line":9,"column":24},"end":{"line":24,"column":null}},"1":{"start":{"line":10,"column":4},"end":{"line":13,"column":34}},"2":{"start":{"line":12,"column":23},"end":{"line":13,"column":34}}},"fnMap":{"0":{"name":"(anonymous_0)","decl":{"start":{"line":9,"column":24},"end":{"line":9,"column":25}},"loc":{"start":{"line":9,"column":39},"end":{"line":24,"column":null}},"line":9},"1":{"name":"(anonymous_1)","decl":{"start":{"line":12,"column":22},"end":{"line":12,"column":23}},"loc":{"start":{"line":12,"column":23},"end":{"line":13,"column":34}},"line":12}},"branchMap":{},"s":{"0":1,"1":1,"2":0},"f":{"0":1,"1":0},"b":{},"meta":{"lastBranch":0,"lastFunction":2,"lastStatement":3,"seen":{"s:9:24:24:Infinity":0,"f:9:24:9:25":0,"s:10:4:13:34":1,"f:12:22:12:23":1,"s:12:23:13:34":2}}}
,"C:\\Users\\edwin\\OneDrive\\Escritorio\\React\\03-gift-aps\\src\\gifs\\hooks\\useGifts.tsx": {"path":"C:\\Users\\edwin\\OneDrive\\Escritorio\\React\\03-gift-aps\\src\\gifs\\hooks\\useGifts.tsx","statementMap":{"0":{"start":{"line":5,"column":24},"end":{"line":51,"column":null}},"1":{"start":{"line":6,"column":26},"end":{"line":6,"column":null}},"2":{"start":{"line":7,"column":43},"end":{"line":7,"column":null}},"3":{"start":{"line":9,"column":10},"end":{"line":9,"column":null}},"4":{"start":{"line":11,"column":25},"end":{"line":21,"column":null}},"5":{"start":{"line":13,"column":8},"end":{"line":16,"column":null}},"6":{"start":{"line":14,"column":12},"end":{"line":14,"column":null}},"7":{"start":{"line":15,"column":12},"end":{"line":15,"column":null}},"8":{"start":{"line":18,"column":21},"end":{"line":18,"column":null}},"9":{"start":{"line":19,"column":8},"end":{"line":19,"column":null}},"10":{"start":{"line":20,"column":8},"end":{"line":20,"column":null}},"11":{"start":{"line":23,"column":25},"end":{"line":40,"column":null}},"12":{"start":{"line":25,"column":8},"end":{"line":25,"column":null}},"13":{"start":{"line":28,"column":8},"end":{"line":28,"column":null}},"14":{"start":{"line":28,"column":32},"end":{"line":28,"column":null}},"15":{"start":{"line":31,"column":8},"end":{"line":31,"column":null}},"16":{"start":{"line":31,"column":43},"end":{"line":31,"column":null}},"17":{"start":{"line":34,"column":8},"end":{"line":34,"column":null}},"18":{"start":{"line":36,"column":21},"end":{"line":36,"column":null}},"19":{"start":{"line":37,"column":8},"end":{"line":37,"column":null}},"20":{"start":{"line":39,"column":8},"end":{"line":39,"column":null}},"21":{"start":{"line":42,"column":4},"end":{"line":50,"column":null}}},"fnMap":{"0":{"name":"(anonymous_0)","decl":{"start":{"line":5,"column":24},"end":{"line":5,"column":null}},"loc":{"start":{"line":5,"column":24},"end":{"line":51,"column":null}},"line":5},"1":{"name":"(anonymous_1)","decl":{"start":{"line":11,"column":25},"end":{"line":11,"column":32}},"loc":{"start":{"line":11,"column":32},"end":{"line":21,"column":null}},"line":11},"2":{"name":"(anonymous_2)","decl":{"start":{"line":23,"column":25},"end":{"line":23,"column":32}},"loc":{"start":{"line":23,"column":32},"end":{"line":40,"column":null}},"line":23}},"branchMap":{"0":{"loc":{"start":{"line":13,"column":8},"end":{"line":16,"column":null}},"type":"if","locations":[{"start":{"line":13,"column":8},"end":{"line":16,"column":null}},{"start":{},"end":{}}],"line":13},"1":{"loc":{"start":{"line":28,"column":8},"end":{"line":28,"column":null}},"type":"if","locations":[{"start":{"line":28,"column":8},"end":{"line":28,"column":null}},{"start":{},"end":{}}],"line":28},"2":{"loc":{"start":{"line":31,"column":8},"end":{"line":31,"column":null}},"type":"if","locations":[{"start":{"line":31,"column":8},"end":{"line":31,"column":null}},{"start":{},"end":{}}],"line":31}},"s":{"0":2,"1":19,"2":19,"3":19,"4":19,"5":3,"6":1,"7":1,"8":2,"9":2,"10":2,"11":19,"12":10,"13":10,"14":0,"15":10,"16":0,"17":10,"18":10,"19":10,"20":10,"21":19},"f":{"0":19,"1":3,"2":10},"b":{"0":[1,2],"1":[0,10],"2":[0,10]},"meta":{"lastBranch":3,"lastFunction":3,"lastStatement":22,"seen":{"s:5:24:51:Infinity":0,"f:5:24:5:Infinity":0,"s:6:26:6:Infinity":1,"s:7:43:7:Infinity":2,"s:9:10:9:Infinity":3,"s:11:25:21:Infinity":4,"f:11:25:11:32":1,"b:13:8:16:Infinity:undefined:undefined:undefined:undefined":0,"s:13:8:16:Infinity":5,"s:14:12:14:Infinity":6,"s:15:12:15:Infinity":7,"s:18:21:18:Infinity":8,"s:19:8:19:Infinity":9,"s:20:8:20:Infinity":10,"s:23:25:40:Infinity":11,"f:23:25:23:32":2,"s:25:8:25:Infinity":12,"b:28:8:28:Infinity:undefined:undefined:undefined:undefined":1,"s:28:8:28:Infinity":13,"s:28:32:28:Infinity":14,"b:31:8:31:Infinity:undefined:undefined:undefined:undefined":2,"s:31:8:31:Infinity":15,"s:31:43:31:Infinity":16,"s:34:8:34:Infinity":17,"s:36:21:36:Infinity":18,"s:37:8:37:Infinity":19,"s:39:8:39:Infinity":20,"s:42:4:50:Infinity":21}}}
,"C:\\Users\\edwin\\OneDrive\\Escritorio\\React\\03-gift-aps\\src\\shared\\components\\Buscador.tsx": {"path":"C:\\Users\\edwin\\OneDrive\\Escritorio\\React\\03-gift-aps\\src\\shared\\components\\Buscador.tsx","statementMap":{"0":{"start":{"line":12,"column":24},"end":{"line":48,"column":null}},"1":{"start":{"line":13,"column":27},"end":{"line":13,"column":null}},"2":{"start":{"line":16,"column":4},"end":{"line":24,"column":null}},"3":{"start":{"line":17,"column":26},"end":{"line":19,"column":null}},"4":{"start":{"line":18,"column":12},"end":{"line":18,"column":null}},"5":{"start":{"line":21,"column":8},"end":{"line":23,"column":null}},"6":{"start":{"line":22,"column":12},"end":{"line":22,"column":null}},"7":{"start":{"line":26,"column":29},"end":{"line":29,"column":null}},"8":{"start":{"line":27,"column":8},"end":{"line":27,"column":null}},"9":{"start":{"line":28,"column":8},"end":{"line":28,"column":null}},"10":{"start":{"line":31,"column":27},"end":{"line":35,"column":null}},"11":{"start":{"line":32,"column":8},"end":{"line":34,"column":null}},"12":{"start":{"line":33,"column":12},"end":{"line":33,"column":null}},"13":{"start":{"line":36,"column":4},"end":{"line":45,"column":null}},"14":{"start":{"line":42,"column":37},"end":{"line":42,"column":null}}},"fnMap":{"0":{"name":"(anonymous_0)","decl":{"start":{"line":12,"column":24},"end":{"line":12,"column":25}},"loc":{"start":{"line":12,"column":65},"end":{"line":48,"column":null}},"line":12},"1":{"name":"(anonymous_1)","decl":{"start":{"line":16,"column":14},"end":{"line":16,"column":null}},"loc":{"start":{"line":16,"column":14},"end":{"line":24,"column":7}},"line":16},"2":{"name":"(anonymous_2)","decl":{"start":{"line":17,"column":37},"end":{"line":17,"column":null}},"loc":{"start":{"line":17,"column":37},"end":{"line":19,"column":11}},"line":17},"3":{"name":"(anonymous_3)","decl":{"start":{"line":21,"column":15},"end":{"line":21,"column":null}},"loc":{"start":{"line":21,"column":15},"end":{"line":23,"column":null}},"line":21},"4":{"name":"(anonymous_4)","decl":{"start":{"line":26,"column":29},"end":{"line":26,"column":null}},"loc":{"start":{"line":26,"column":29},"end":{"line":29,"column":null}},"line":26},"5":{"name":"(anonymous_5)","decl":{"start":{"line":31,"column":27},"end":{"line":31,"column":28}},"loc":{"start":{"line":31,"column":28},"end":{"line":35,"column":null}},"line":31},"6":{"name":"(anonymous_6)","decl":{"start":{"line":42,"column":26},"end":{"line":42,"column":27}},"loc":{"start":{"line":42,"column":37},"end":{"line":42,"column":null}},"line":42}},"branchMap":{"0":{"loc":{"start":{"line":32,"column":8},"end":{"line":34,"column":null}},"type":"if","locations":[{"start":{"line":32,"column":8},"end":{"line":34,"column":null}},{"start":{},"end":{}}],"line":32}},"s":{"0":2,"1":13,"2":13,"3":13,"4":2,"5":13,"6":13,"7":13,"8":1,"9":1,"10":13,"11":0,"12":0,"13":13,"14":6},"f":{"0":13,"1":13,"2":2,"3":13,"4":1,"5":0,"6":6},"b":{"0":[0,0]},"meta":{"lastBranch":1,"lastFunction":7,"lastStatement":15,"seen":{"s:12:24:48:Infinity":0,"f:12:24:12:25":0,"s:13:27:13:Infinity":1,"s:16:4:24:Infinity":2,"f:16:14:16:Infinity":1,"s:17:26:19:Infinity":3,"f:17:37:17:Infinity":2,"s:18:12:18:Infinity":4,"s:21:8:23:Infinity":5,"f:21:15:21:Infinity":3,"s:22:12:22:Infinity":6,"s:26:29:29:Infinity":7,"f:26:29:26:Infinity":4,"s:27:8:27:Infinity":8,"s:28:8:28:Infinity":9,"s:31:27:35:Infinity":10,"f:31:27:31:28":5,"b:32:8:34:Infinity:undefined:undefined:undefined:undefined":0,"s:32:8:34:Infinity":11,"s:33:12:33:Infinity":12,"s:36:4:45:Infinity":13,"f:42:26:42:27":6,"s:42:37:42:Infinity":14}}}
,"C:\\Users\\edwin\\OneDrive\\Escritorio\\React\\03-gift-aps\\src\\shared\\components\\CustomHeader.tsx": {"path":"C:\\Users\\edwin\\OneDrive\\Escritorio\\React\\03-gift-aps\\src\\shared\\components\\CustomHeader.tsx","statementMap":{"0":{"start":{"line":8,"column":28},"end":{"line":15,"column":null}},"1":{"start":{"line":9,"column":4},"end":{"line":12,"column":null}}},"fnMap":{"0":{"name":"(anonymous_0)","decl":{"start":{"line":8,"column":28},"end":{"line":8,"column":29}},"loc":{"start":{"line":8,"column":59},"end":{"line":15,"column":null}},"line":8}},"branchMap":{"0":{"loc":{"start":{"line":12,"column":13},"end":{"line":12,"column":null}},"type":"binary-expr","locations":[{"start":{"line":12,"column":13},"end":{"line":12,"column":28}},{"start":{"line":12,"column":13},"end":{"line":12,"column":null}}],"line":12}},"s":{"0":2,"1":4},"f":{"0":4},"b":{"0":[4,3]},"meta":{"lastBranch":1,"lastFunction":1,"lastStatement":2,"seen":{"s:8:28:15:Infinity":0,"f:8:28:8:29":0,"s:9:4:12:Infinity":1,"b:12:13:12:28:12:13:12:Infinity":0}}}
,"C:\\Users\\edwin\\OneDrive\\Escritorio\\React\\03-gift-aps\\test\\mocks\\giphy.response.data.ts": {"path":"C:\\Users\\edwin\\OneDrive\\Escritorio\\React\\03-gift-aps\\test\\mocks\\giphy.response.data.ts","statementMap":{"0":{"start":{"line":1,"column":39},"end":{"line":2077,"column":null}}},"fnMap":{},"branchMap":{},"s":{"0":1},"f":{},"b":{},"meta":{"lastBranch":0,"lastFunction":0,"lastStatement":1,"seen":{"s:1:39:2077:Infinity":0}}}
}
